f:\cours\sn2\projeeeeeet\drone\dlls\joystick\controlsassignment\samples\controlsassignmentsdkdemo\debug\controlsassignmentsdkdemo.pch
f:\cours\sn2\projeeeeeet\drone\dlls\joystick\controlsassignment\samples\controlsassignmentsdkdemo\debug\vc142.pdb
f:\cours\sn2\projeeeeeet\drone\dlls\joystick\controlsassignment\samples\controlsassignmentsdkdemo\debug\vc142.idb
f:\cours\sn2\projeeeeeet\drone\dlls\joystick\controlsassignment\samples\controlsassignmentsdkdemo\debug\stdafx.obj
f:\cours\sn2\projeeeeeet\drone\dlls\joystick\controlsassignment\samples\controlsassignmentsdkdemo\debug\logicontrollerinput.obj
f:\cours\sn2\projeeeeeet\drone\dlls\joystick\controlsassignment\samples\controlsassignmentsdkdemo\debug\logicontrollerinpututils.obj
f:\cours\sn2\projeeeeeet\drone\dlls\joystick\controlsassignment\samples\controlsassignmentsdkdemo\debug\logigamecontroller.obj
f:\cours\sn2\projeeeeeet\drone\dlls\joystick\controlsassignment\samples\controlsassignmentsdkdemo\debug\logigamecontrollerdi.obj
f:\cours\sn2\projeeeeeet\drone\dlls\joystick\controlsassignment\samples\controlsassignmentsdkdemo\debug\logigamecontrollerxinput.obj
f:\cours\sn2\projeeeeeet\drone\dlls\joystick\controlsassignment\samples\controlsassignmentsdkdemo\debug\logiaxis.obj
f:\cours\sn2\projeeeeeet\drone\dlls\joystick\controlsassignment\samples\controlsassignmentsdkdemo\debug\logibutton.obj
f:\cours\sn2\projeeeeeet\drone\dlls\joystick\controlsassignment\samples\controlsassignmentsdkdemo\debug\logicontrol.obj
f:\cours\sn2\projeeeeeet\drone\dlls\joystick\controlsassignment\samples\controlsassignmentsdkdemo\debug\logicontroller.obj
f:\cours\sn2\projeeeeeet\drone\dlls\joystick\controlsassignment\samples\controlsassignmentsdkdemo\debug\logicontrollerdinput.obj
f:\cours\sn2\projeeeeeet\drone\dlls\joystick\controlsassignment\samples\controlsassignmentsdkdemo\debug\logicontrollerxinput.obj
f:\cours\sn2\projeeeeeet\drone\dlls\joystick\controlsassignment\samples\controlsassignmentsdkdemo\debug\logicontrolsassignment.obj
f:\cours\sn2\projeeeeeet\drone\dlls\joystick\controlsassignment\samples\controlsassignmentsdkdemo\debug\logicontrolsassignmentutils.obj
f:\cours\sn2\projeeeeeet\drone\dlls\joystick\controlsassignment\samples\controlsassignmentsdkdemo\debug\logigameaction.obj
f:\cours\sn2\projeeeeeet\drone\dlls\joystick\controlsassignment\samples\controlsassignmentsdkdemo\debug\logipovdirection.obj
f:\cours\sn2\projeeeeeet\drone\dlls\joystick\controlsassignment\samples\controlsassignmentsdkdemo\debug\controldatafile.obj
f:\cours\sn2\projeeeeeet\drone\dlls\joystick\controlsassignment\samples\controlsassignmentsdkdemo\debug\controlsassignmentsdkdemo.obj
f:\cours\sn2\projeeeeeet\drone\dlls\joystick\controlsassignment\samples\controlsassignmentsdkdemo\debug\controlsassignmentsdkdemodlg.obj
f:\cours\sn2\projeeeeeet\drone\djidrone\debug\controlsassignmentsdkdemo.ilk
f:\cours\sn2\projeeeeeet\drone\djidrone\debug\controlsassignmentsdkdemo.exe
f:\cours\sn2\projeeeeeet\drone\djidrone\debug\controlsassignmentsdkdemo.pdb
f:\cours\sn2\projeeeeeet\drone\dlls\joystick\controlsassignment\samples\controlsassignmentsdkdemo\debug\controlsassignmentsdkdemo.res
f:\cours\sn2\projeeeeeet\drone\dlls\joystick\controlsassignment\samples\controlsassignmentsdkdemo\debug\controls.76120bae.tlog\cl.command.1.tlog
f:\cours\sn2\projeeeeeet\drone\dlls\joystick\controlsassignment\samples\controlsassignmentsdkdemo\debug\controls.76120bae.tlog\cl.read.1.tlog
f:\cours\sn2\projeeeeeet\drone\dlls\joystick\controlsassignment\samples\controlsassignmentsdkdemo\debug\controls.76120bae.tlog\cl.write.1.tlog
f:\cours\sn2\projeeeeeet\drone\dlls\joystick\controlsassignment\samples\controlsassignmentsdkdemo\debug\controls.76120bae.tlog\link.command.1.tlog
f:\cours\sn2\projeeeeeet\drone\dlls\joystick\controlsassignment\samples\controlsassignmentsdkdemo\debug\controls.76120bae.tlog\link.read.1.tlog
f:\cours\sn2\projeeeeeet\drone\dlls\joystick\controlsassignment\samples\controlsassignmentsdkdemo\debug\controls.76120bae.tlog\link.write.1.tlog
f:\cours\sn2\projeeeeeet\drone\dlls\joystick\controlsassignment\samples\controlsassignmentsdkdemo\debug\controls.76120bae.tlog\rc.command.1.tlog
f:\cours\sn2\projeeeeeet\drone\dlls\joystick\controlsassignment\samples\controlsassignmentsdkdemo\debug\controls.76120bae.tlog\rc.read.1.tlog
f:\cours\sn2\projeeeeeet\drone\dlls\joystick\controlsassignment\samples\controlsassignmentsdkdemo\debug\controls.76120bae.tlog\rc.write.1.tlog
