cl : ligne de commande warning D9035: l'option 'Gm' est déconseillée et sera supprimée dans une version ultérieure
  stdafx.cpp
cl : ligne de commande warning D9035: l'option 'Gm' est déconseillée et sera supprimée dans une version ultérieure
  ControlsAssignmentSDKDemoDlg.cpp
  ControlsAssignmentSDKDemo.cpp
  ControlDataFile.cpp
  LogiPovDirection.cpp
  LogiGameAction.cpp
  LogiControlsAssignmentUtils.cpp
  LogiControlsAssignment.cpp
  LogiControllerXInput.cpp
  LogiControllerDInput.cpp
  LogiController.cpp
  LogiControl.cpp
  LogiButton.cpp
  LogiAxis.cpp
  LogiGameControllerXInput.cpp
  LogiGameControllerDI.cpp
  LogiGameController.cpp
  LogiControllerInputUtils.cpp
  LogiControllerInput.cpp
F:\Cours\SN2\Projeeeeeet\Drone\dlls\Joystick\ControllerInput\Src\LogiControllerInput.cpp(1424,5): warning C5205: la suppression d'une classe abstraite 'LogitechControllerInput::LogiGameController' qui a un destructeur non virtuel entraîne un comportement indéfini
F:\Cours\SN2\Projeeeeeet\Drone\dlls\Joystick\ControllerInput\Src\LogiGameController.h(18): message : voir la déclaration de 'LogitechControllerInput::LogiGameController'
F:\Cours\SN2\Projeeeeeet\Drone\dlls\Joystick\ControllerInput\Src\LogiControllerInput.cpp(1477,13): warning C4995: 'XInputEnable' : le nom a été marqué comme #pragma deprecated
F:\Cours\SN2\Projeeeeeet\Drone\dlls\Joystick\ControllerInput\Src\LogiControllerInput.cpp(1483,13): warning C4995: 'XInputEnable' : le nom a été marqué comme #pragma deprecated
  Génération de code en cours...
LogiControllerInput.obj : warning LNK4075: ' /EDITANDCONTINUE' ignoré à cause de la spécification '/SAFESEH'
  ControlsAssignmentSDKDemo.vcxproj -> F:\Cours\SN2\Projeeeeeet\Drone\DJIDrone\Debug\ControlsAssignmentSDKDemo.exe
